<?xml version="1.0" encoding="UTF-8"?>
<testng-results skipped="0" failed="0" ignored="0" total="1" passed="1">
  <reporter-output>
  </reporter-output>
  <suite name="LUX Transcend Suite" duration-ms="12117" started-at="2018-11-15T00:33:39Z" finished-at="2018-11-15T00:33:51Z">
    <groups>
    </groups>
    <test name="Login" duration-ms="12117" started-at="2018-11-15T00:33:39Z" finished-at="2018-11-15T00:33:51Z">
      <class name="tests.LoginTests">
        <test-method status="PASS" signature="beforeSuite(java.lang.String)[pri:0, instance:tests.LoginTests@26653222]" name="beforeSuite" is-config="true" duration-ms="3396" started-at="2018-11-14T18:33:35Z" finished-at="2018-11-14T18:33:39Z">
          <params>
            <param index="0">
              <value>
                <![CDATA[chrome]]>
              </value>
            </param>
          </params>
          <reporter-output>
          </reporter-output>
        </test-method> <!-- beforeSuite -->
        <test-method status="PASS" signature="loginTest(java.lang.String, java.lang.String)[pri:0, instance:tests.LoginTests@26653222]" name="loginTest" duration-ms="12104" started-at="2018-11-14T18:33:39Z" data-provider="credentials" finished-at="2018-11-14T18:33:51Z">
          <params>
            <param index="0">
              <value>
                <![CDATA[nancy.melgoza@luxfts.com]]>
              </value>
            </param>
            <param index="1">
              <value>
                <![CDATA[#NaNc&10.]]>
              </value>
            </param>
          </params>
          <reporter-output>
          </reporter-output>
        </test-method> <!-- loginTest -->
      </class> <!-- tests.LoginTests -->
    </test> <!-- Login -->
  </suite> <!-- LUX Transcend Suite -->
</testng-results>
